# JRE version: Java(TM) SE Runtime Environment (8.0_74-b02) (build 1.8.0_74-b02)
# Java VM: Java HotSpot(TM) 64-Bit Server VM (25.74-b02 mixed mode windows-amd64 compressed oops)
Heap:
 par new generation   total 314560K, used 5814K [0x00000000c0000000, 0x00000000d5550000, 0x00000000d5550000)
  eden space 279616K,   2% used [0x00000000c0000000, 0x00000000c05ada00, 0x00000000d1110000)
  from space 34944K,   0% used [0x00000000d3330000, 0x00000000d3330000, 0x00000000d5550000)
  to   space 34944K,   0% used [0x00000000d1110000, 0x00000000d1110000, 0x00000000d3330000)
 concurrent mark-sweep generation total 699072K, used 85915K [0x00000000d5550000, 0x0000000100000000, 0x0000000100000000)
 Metaspace       used 33861K, capacity 34208K, committed 34508K, reserved 1079296K
  class space    used 4465K, capacity 4551K, committed 4556K, reserved 1048576K
GC Heap History (10 events):
Event: 10.195 GC heap before
{Heap before GC invocations=15 (full 20):
 par new generation   total 314560K, used 10940K [0x00000000c0000000, 0x00000000d5550000, 0x00000000d5550000)
  eden space 279616K,   3% used [0x00000000c0000000, 0x00000000c0aaf398, 0x00000000d1110000)
  from space 34944K,   0% used [0x00000000d3330000, 0x00000000d3330000, 0x00000000d5550000)
  to   space 34944K,   0% used [0x00000000d1110000, 0x00000000d1110000, 0x00000000d3330000)
 concurrent mark-sweep generation total 699072K, used 85707K [0x00000000d5550000, 0x0000000100000000, 0x0000000100000000)
 Metaspace       used 33473K, capacity 33856K, committed 34252K, reserved 1079296K
  class space    used 4425K, capacity 4519K, committed 4556K, reserved 1048576K
Event: 10.280 GC heap after
Heap after GC invocations=16 (full 21):
 par new generation   total 314560K, used 0K [0x00000000c0000000, 0x00000000d5550000, 0x00000000d5550000)
  eden space 279616K,   0% used [0x00000000c0000000, 0x00000000c0000000, 0x00000000d1110000)
  from space 34944K,   0% used [0x00000000d3330000, 0x00000000d3330000, 0x00000000d5550000)
  to   space 34944K,   0% used [0x00000000d1110000, 0x00000000d1110000, 0x00000000d3330000)
 concurrent mark-sweep generation total 699072K, used 85715K [0x00000000d5550000, 0x0000000100000000, 0x0000000100000000)
 Metaspace       used 33473K, capacity 33856K, committed 34252K, reserved 1079296K
  class space    used 4425K, capacity 4519K, committed 4556K, reserved 1048576K
}
Event: 10.696 GC heap before
{Heap before GC invocations=16 (full 21):
 par new generation   total 314560K, used 14556K [0x00000000c0000000, 0x00000000d5550000, 0x00000000d5550000)
  eden space 279616K,   5% used [0x00000000c0000000, 0x00000000c0e372b0, 0x00000000d1110000)
  from space 34944K,   0% used [0x00000000d3330000, 0x00000000d3330000, 0x00000000d5550000)
  to   space 34944K,   0% used [0x00000000d1110000, 0x00000000d1110000, 0x00000000d3330000)
 concurrent mark-sweep generation total 699072K, used 85715K [0x00000000d5550000, 0x0000000100000000, 0x0000000100000000)
 Metaspace       used 33674K, capacity 33984K, committed 34508K, reserved 1079296K
  class space    used 4447K, capacity 4519K, committed 4556K, reserved 1048576K
Event: 10.781 GC heap after
Heap after GC invocations=17 (full 22):
 par new generation   total 314560K, used 0K [0x00000000c0000000, 0x00000000d5550000, 0x00000000d5550000)
  eden space 279616K,   0% used [0x00000000c0000000, 0x00000000c0000000, 0x00000000d1110000)
  from space 34944K,   0% used [0x00000000d3330000, 0x00000000d3330000, 0x00000000d5550000)
  to   space 34944K,   0% used [0x00000000d1110000, 0x00000000d1110000, 0x00000000d3330000)
 concurrent mark-sweep generation total 699072K, used 85866K [0x00000000d5550000, 0x0000000100000000, 0x0000000100000000)
 Metaspace       used 33674K, capacity 33984K, committed 34508K, reserved 1079296K
  class space    used 4447K, capacity 4519K, committed 4556K, reserved 1048576K
}
Event: 11.196 GC heap before
{Heap before GC invocations=17 (full 23):
 par new generation   total 314560K, used 14307K [0x00000000c0000000, 0x00000000d5550000, 0x00000000d5550000)
  eden space 279616K,   5% used [0x00000000c0000000, 0x00000000c0df8c60, 0x00000000d1110000)
  from space 34944K,   0% used [0x00000000d3330000, 0x00000000d3330000, 0x00000000d5550000)
  to   space 34944K,   0% used [0x00000000d1110000, 0x00000000d1110000, 0x00000000d3330000)
 concurrent mark-sweep generation total 699072K, used 85866K [0x00000000d5550000, 0x0000000100000000, 0x0000000100000000)
 Metaspace       used 33789K, capacity 34080K, committed 34508K, reserved 1079296K
  class space    used 4463K, capacity 4551K, committed 4556K, reserved 1048576K
Event: 11.278 GC heap after
Heap after GC invocations=18 (full 24):
 par new generation   total 314560K, used 0K [0x00000000c0000000, 0x00000000d5550000, 0x00000000d5550000)
  eden space 279616K,   0% used [0x00000000c0000000, 0x00000000c0000000, 0x00000000d1110000)
  from space 34944K,   0% used [0x00000000d3330000, 0x00000000d3330000, 0x00000000d5550000)
  to   space 34944K,   0% used [0x00000000d1110000, 0x00000000d1110000, 0x00000000d3330000)
 concurrent mark-sweep generation total 699072K, used 85978K [0x00000000d5550000, 0x0000000100000000, 0x0000000100000000)
 Metaspace       used 33789K, capacity 34080K, committed 34508K, reserved 1079296K
  class space    used 4463K, capacity 4551K, committed 4556K, reserved 1048576K
}
Event: 11.697 GC heap before
{Heap before GC invocations=18 (full 24):
 par new generation   total 314560K, used 8394K [0x00000000c0000000, 0x00000000d5550000, 0x00000000d5550000)
  eden space 279616K,   3% used [0x00000000c0000000, 0x00000000c0832898, 0x00000000d1110000)
  from space 34944K,   0% used [0x00000000d3330000, 0x00000000d3330000, 0x00000000d5550000)
  to   space 34944K,   0% used [0x00000000d1110000, 0x00000000d1110000, 0x00000000d3330000)
 concurrent mark-sweep generation total 699072K, used 85978K [0x00000000d5550000, 0x0000000100000000, 0x0000000100000000)
 Metaspace       used 33838K, capacity 34208K, committed 34508K, reserved 1079296K
  class space    used 4465K, capacity 4551K, committed 4556K, reserved 1048576K
Event: 11.778 GC heap after
Heap after GC invocations=19 (full 25):
 par new generation   total 314560K, used 0K [0x00000000c0000000, 0x00000000d5550000, 0x00000000d5550000)
  eden space 279616K,   0% used [0x00000000c0000000, 0x00000000c0000000, 0x00000000d1110000)
  from space 34944K,   0% used [0x00000000d3330000, 0x00000000d3330000, 0x00000000d5550000)
  to   space 34944K,   0% used [0x00000000d1110000, 0x00000000d1110000, 0x00000000d3330000)
 concurrent mark-sweep generation total 699072K, used 85908K [0x00000000d5550000, 0x0000000100000000, 0x0000000100000000)
 Metaspace       used 33838K, capacity 34208K, committed 34508K, reserved 1079296K
  class space    used 4465K, capacity 4551K, committed 4556K, reserved 1048576K
}
Event: 12.198 GC heap before
{Heap before GC invocations=19 (full 25):
 par new generation   total 314560K, used 8144K [0x00000000c0000000, 0x00000000d5550000, 0x00000000d5550000)
  eden space 279616K,   2% used [0x00000000c0000000, 0x00000000c07f42e0, 0x00000000d1110000)
  from space 34944K,   0% used [0x00000000d3330000, 0x00000000d3330000, 0x00000000d5550000)
  to   space 34944K,   0% used [0x00000000d1110000, 0x00000000d1110000, 0x00000000d3330000)
 concurrent mark-sweep generation total 699072K, used 85908K [0x00000000d5550000, 0x0000000100000000, 0x0000000100000000)
 Metaspace       used 33858K, capacity 34208K, committed 34508K, reserved 1079296K
  class space    used 4465K, capacity 4551K, committed 4556K, reserved 1048576K
Event: 12.273 GC heap after
Heap after GC invocations=20 (full 26):
 par new generation   total 314560K, used 0K [0x00000000c0000000, 0x00000000d5550000, 0x00000000d5550000)
  eden space 279616K,   0% used [0x00000000c0000000, 0x00000000c0000000, 0x00000000d1110000)
  from space 34944K,   0% used [0x00000000d3330000, 0x00000000d3330000, 0x00000000d5550000)
  to   space 34944K,   0% used [0x00000000d1110000, 0x00000000d1110000, 0x00000000d3330000)
 concurrent mark-sweep generation total 699072K, used 85915K [0x00000000d5550000, 0x0000000100000000, 0x0000000100000000)
 Metaspace       used 33858K, capacity 34208K, committed 34508K, reserved 1079296K
  class space    used 4465K, capacity 4551K, committed 4556K, reserved 1048576K
}

